<?xml version="1.0" encoding="UTF-8"?>
<coverage generated="1773860118458" clover="3.2.0">
  <project timestamp="1773860118458" name="All files">
    <metrics statements="16" coveredstatements="2" conditionals="8" coveredconditionals="0" methods="5" coveredmethods="0" elements="29" coveredelements="2" complexity="0" loc="16" ncloc="16" packages="1" files="1" classes="1"/>
    <file name="github.js" path="/Users/stephendumore/c6-test-doubles/github.js">
      <metrics statements="16" coveredstatements="2" conditionals="8" coveredconditionals="0" methods="5" coveredmethods="0"/>
      <line num="1" count="1" type="stmt"/>
      <line num="4" count="0" type="stmt"/>
      <line num="5" count="0" type="cond" truecount="0" falsecount="2"/>
      <line num="6" count="0" type="cond" truecount="0" falsecount="2"/>
      <line num="7" count="0" type="stmt"/>
      <line num="11" count="0" type="stmt"/>
      <line num="12" count="0" type="stmt"/>
      <line num="16" count="0" type="stmt"/>
      <line num="17" count="0" type="cond" truecount="0" falsecount="2"/>
      <line num="18" count="0" type="stmt"/>
      <line num="22" count="0" type="stmt"/>
      <line num="23" count="0" type="stmt"/>
      <line num="27" count="0" type="stmt"/>
      <line num="28" count="0" type="cond" truecount="0" falsecount="2"/>
      <line num="29" count="0" type="stmt"/>
      <line num="32" count="1" type="stmt"/>
    </file>
  </project>
</coverage>
