{"/Users/stephendumore/c6-test-doubles/github.js": {"path":"/Users/stephendumore/c6-test-doubles/github.js","statementMap":{"0":{"start":{"line":1,"column":17},"end":{"line":1,"column":41}},"1":{"start":{"line":4,"column":19},"end":{"line":4,"column":35}},"2":{"start":{"line":5,"column":2},"end":{"line":5,"column":43}},"3":{"start":{"line":5,"column":31},"end":{"line":5,"column":43}},"4":{"start":{"line":6,"column":2},"end":{"line":6,"column":76}},"5":{"start":{"line":6,"column":20},"end":{"line":6,"column":76}},"6":{"start":{"line":7,"column":2},"end":{"line":7,"column":25}},"7":{"start":{"line":11,"column":15},"end":{"line":11,"column":63}},"8":{"start":{"line":12,"column":2},"end":{"line":12,"column":23}},"9":{"start":{"line":16,"column":15},"end":{"line":16,"column":63}},"10":{"start":{"line":17,"column":2},"end":{"line":17,"column":68}},"11":{"start":{"line":17,"column":21},"end":{"line":17,"column":68}},"12":{"start":{"line":18,"column":2},"end":{"line":18,"column":24}},"13":{"start":{"line":22,"column":15},"end":{"line":22,"column":68}},"14":{"start":{"line":23,"column":2},"end":{"line":23,"column":23}},"15":{"start":{"line":27,"column":15},"end":{"line":27,"column":68}},"16":{"start":{"line":28,"column":2},"end":{"line":28,"column":73}},"17":{"start":{"line":28,"column":21},"end":{"line":28,"column":73}},"18":{"start":{"line":29,"column":2},"end":{"line":29,"column":32}},"19":{"start":{"line":32,"column":0},"end":{"line":32,"column":97}}},"fnMap":{"0":{"name":"fetchJSON","decl":{"start":{"line":3,"column":15},"end":{"line":3,"column":24}},"loc":{"start":{"line":3,"column":30},"end":{"line":8,"column":1}},"line":3},"1":{"name":"doesUserExist","decl":{"start":{"line":10,"column":15},"end":{"line":10,"column":28}},"loc":{"start":{"line":10,"column":39},"end":{"line":13,"column":1}},"line":10},"2":{"name":"getUserFollowerCount","decl":{"start":{"line":15,"column":15},"end":{"line":15,"column":35}},"loc":{"start":{"line":15,"column":46},"end":{"line":19,"column":1}},"line":15},"3":{"name":"doesRepoExist","decl":{"start":{"line":21,"column":15},"end":{"line":21,"column":28}},"loc":{"start":{"line":21,"column":42},"end":{"line":24,"column":1}},"line":21},"4":{"name":"isRepoPublic","decl":{"start":{"line":26,"column":15},"end":{"line":26,"column":27}},"loc":{"start":{"line":26,"column":41},"end":{"line":30,"column":1}},"line":26}},"branchMap":{"0":{"loc":{"start":{"line":5,"column":2},"end":{"line":5,"column":43}},"type":"if","locations":[{"start":{"line":5,"column":2},"end":{"line":5,"column":43}},{"start":{},"end":{}}],"line":5},"1":{"loc":{"start":{"line":6,"column":2},"end":{"line":6,"column":76}},"type":"if","locations":[{"start":{"line":6,"column":2},"end":{"line":6,"column":76}},{"start":{},"end":{}}],"line":6},"2":{"loc":{"start":{"line":17,"column":2},"end":{"line":17,"column":68}},"type":"if","locations":[{"start":{"line":17,"column":2},"end":{"line":17,"column":68}},{"start":{},"end":{}}],"line":17},"3":{"loc":{"start":{"line":28,"column":2},"end":{"line":28,"column":73}},"type":"if","locations":[{"start":{"line":28,"column":2},"end":{"line":28,"column":73}},{"start":{},"end":{}}],"line":28}},"s":{"0":1,"1":0,"2":0,"3":0,"4":0,"5":0,"6":0,"7":0,"8":0,"9":0,"10":0,"11":0,"12":0,"13":0,"14":0,"15":0,"16":0,"17":0,"18":0,"19":1},"f":{"0":0,"1":0,"2":0,"3":0,"4":0},"b":{"0":[0,0],"1":[0,0],"2":[0,0],"3":[0,0]},"_coverageSchema":"1a1c01bbd47fc00a2c39e90264f33305004495a9","hash":"3e9f8c95e5d0aa9df67aec6321d3fe8548f24d29"}
}
