TN:
SF:github.js
FN:3,fetchJSON
FN:10,doesUserExist
FN:15,getUserFollowerCount
FN:21,doesRepoExist
FN:26,isRepoPublic
FNF:5
FNH:0
FNDA:0,fetchJSON
FNDA:0,doesUserExist
FNDA:0,getUserFollowerCount
FNDA:0,doesRepoExist
FNDA:0,isRepoPublic
DA:1,1
DA:4,0
DA:5,0
DA:6,0
DA:7,0
DA:11,0
DA:12,0
DA:16,0
DA:17,0
DA:18,0
DA:22,0
DA:23,0
DA:27,0
DA:28,0
DA:29,0
DA:32,1
LF:16
LH:2
BRDA:5,0,0,0
BRDA:5,0,1,0
BRDA:6,1,0,0
BRDA:6,1,1,0
BRDA:17,2,0,0
BRDA:17,2,1,0
BRDA:28,3,0,0
BRDA:28,3,1,0
BRF:8
BRH:0
end_of_record
